<?xml version="1.0" encoding="UTF-8"?>
<!-- Generated by org.testng.reporters.JUnitReportReporter -->
<testsuite hostname="LAPTOP-RPU5051R" name="practise_Programs.Open_Firefox_without_exe" tests="1" failures="0" timestamp="9 Jul 2019 18:19:24 GMT" time="9.865" errors="0">
  <testcase name="open_Browser_Chrome" time="9.865" classname="practise_Programs.Open_Firefox_without_exe"/>
</testsuite> <!-- practise_Programs.Open_Firefox_without_exe -->
