<?xml version="1.0" encoding="UTF-8"?>
<!-- Generated by org.testng.reporters.JUnitReportReporter -->
<testsuite hostname="LAPTOP-RPU5051R" name="practise_Programs.Open_Chrome_Without_Property" tests="1" failures="0" timestamp="9 Jul 2019 18:11:27 GMT" time="5.309" errors="0">
  <testcase name="open_Browser" time="5.309" classname="practise_Programs.Open_Chrome_Without_Property"/>
</testsuite> <!-- practise_Programs.Open_Chrome_Without_Property -->
