<?xml version="1.0" encoding="UTF-8"?>
<!-- Generated by org.testng.reporters.JUnitReportReporter -->
<testsuite hostname="LAPTOP-RPU5051R" name="practise_Programs.TestNG_Class" tests="1" failures="0" timestamp="9 Jul 2019 17:47:17 GMT" time="0.008" errors="0">
  <testcase name="testMethod" time="0.008" classname="practise_Programs.TestNG_Class"/>
</testsuite> <!-- practise_Programs.TestNG_Class -->
