<?xml version="1.0" encoding="UTF-8"?>
<!-- Generated by org.testng.reporters.JUnitReportReporter -->
<testsuite hostname="LAPTOP-RPU5051R" name="practise_Programs.Open_Firefox" tests="1" failures="0" timestamp="9 Jul 2019 18:15:49 GMT" time="4.551" errors="0">
  <testcase name="open_Firefox" time="4.551" classname="practise_Programs.Open_Firefox"/>
</testsuite> <!-- practise_Programs.Open_Firefox -->
